Model: meta-llama/Llama-3.1-8B-Instruct
Error: OSError: You are trying to access a gated repo.
Make sure to have access to it at https://huggingface.co/meta-llama/Llama-3.1-8B-Instruct.
403 Client Error. (Request ID: Root=1-6965f987-5dd34c8b1c7cea0052259ad8;f9be62b0-7100-429d-8790-7c669918753f)

Cannot access gated repo for url https://huggingface.co/meta-llama/Llama-3.1-8B-Instruct/resolve/main/config.json.
Access to model meta-llama/Llama-3.1-8B-Instruct is restricted and you are not in the authorized list. Visit https://huggingface.co/meta-llama/Llama-3.1-8B-Instruct to ask for access.

Traceback (most recent call last):
  File "/jumbo/yaoqingyang/ivprasad/EmbedLLM/.venv/lib/python3.12/site-packages/huggingface_hub/utils/_http.py", line 402, in hf_raise_for_status
    response.raise_for_status()
  File "/jumbo/yaoqingyang/ivprasad/EmbedLLM/.venv/lib/python3.12/site-packages/requests/models.py", line 1026, in raise_for_status
    raise HTTPError(http_error_msg, response=self)
requests.exceptions.HTTPError: 403 Client Error: Forbidden for url: https://huggingface.co/meta-llama/Llama-3.1-8B-Instruct/resolve/main/config.json

The above exception was the direct cause of the following exception:

Traceback (most recent call last):
  File "/jumbo/yaoqingyang/ivprasad/EmbedLLM/.venv/lib/python3.12/site-packages/transformers/utils/hub.py", line 479, in cached_files
    hf_hub_download(
  File "/jumbo/yaoqingyang/ivprasad/EmbedLLM/.venv/lib/python3.12/site-packages/huggingface_hub/utils/_validators.py", line 114, in _inner_fn
    return fn(*args, **kwargs)
           ^^^^^^^^^^^^^^^^^^^
  File "/jumbo/yaoqingyang/ivprasad/EmbedLLM/.venv/lib/python3.12/site-packages/huggingface_hub/file_download.py", line 1007, in hf_hub_download
    return _hf_hub_download_to_cache_dir(
           ^^^^^^^^^^^^^^^^^^^^^^^^^^^^^^
  File "/jumbo/yaoqingyang/ivprasad/EmbedLLM/.venv/lib/python3.12/site-packages/huggingface_hub/file_download.py", line 1114, in _hf_hub_download_to_cache_dir
    _raise_on_head_call_error(head_call_error, force_download, local_files_only)
  File "/jumbo/yaoqingyang/ivprasad/EmbedLLM/.venv/lib/python3.12/site-packages/huggingface_hub/file_download.py", line 1655, in _raise_on_head_call_error
    raise head_call_error
  File "/jumbo/yaoqingyang/ivprasad/EmbedLLM/.venv/lib/python3.12/site-packages/huggingface_hub/file_download.py", line 1543, in _get_metadata_or_catch_error
    metadata = get_hf_file_metadata(
               ^^^^^^^^^^^^^^^^^^^^^
  File "/jumbo/yaoqingyang/ivprasad/EmbedLLM/.venv/lib/python3.12/site-packages/huggingface_hub/utils/_validators.py", line 114, in _inner_fn
    return fn(*args, **kwargs)
           ^^^^^^^^^^^^^^^^^^^
  File "/jumbo/yaoqingyang/ivprasad/EmbedLLM/.venv/lib/python3.12/site-packages/huggingface_hub/file_download.py", line 1460, in get_hf_file_metadata
    r = _request_wrapper(
        ^^^^^^^^^^^^^^^^^
  File "/jumbo/yaoqingyang/ivprasad/EmbedLLM/.venv/lib/python3.12/site-packages/huggingface_hub/file_download.py", line 283, in _request_wrapper
    response = _request_wrapper(
               ^^^^^^^^^^^^^^^^^
  File "/jumbo/yaoqingyang/ivprasad/EmbedLLM/.venv/lib/python3.12/site-packages/huggingface_hub/file_download.py", line 307, in _request_wrapper
    hf_raise_for_status(response)
  File "/jumbo/yaoqingyang/ivprasad/EmbedLLM/.venv/lib/python3.12/site-packages/huggingface_hub/utils/_http.py", line 419, in hf_raise_for_status
    raise _format(GatedRepoError, message, response) from e
huggingface_hub.errors.GatedRepoError: 403 Client Error. (Request ID: Root=1-6965f987-5dd34c8b1c7cea0052259ad8;f9be62b0-7100-429d-8790-7c669918753f)

Cannot access gated repo for url https://huggingface.co/meta-llama/Llama-3.1-8B-Instruct/resolve/main/config.json.
Access to model meta-llama/Llama-3.1-8B-Instruct is restricted and you are not in the authorized list. Visit https://huggingface.co/meta-llama/Llama-3.1-8B-Instruct to ask for access.

The above exception was the direct cause of the following exception:

Traceback (most recent call last):
  File "/jumbo/yaoqingyang/ivprasad/EmbedLLM/run_evals.py", line 484, in <module>
    results = lm_eval.simple_evaluate(
              ^^^^^^^^^^^^^^^^^^^^^^^^
  File "/jumbo/yaoqingyang/ivprasad/EmbedLLM/.venv/lib/python3.12/site-packages/lm_eval/utils.py", line 458, in _wrapper
    return fn(*args, **kwargs)
           ^^^^^^^^^^^^^^^^^^^
  File "/jumbo/yaoqingyang/ivprasad/EmbedLLM/.venv/lib/python3.12/site-packages/lm_eval/evaluator.py", line 245, in simple_evaluate
    lm = lm_eval.api.registry.get_model(model).create_from_arg_string(
         ^^^^^^^^^^^^^^^^^^^^^^^^^^^^^^^^^^^^^^^^^^^^^^^^^^^^^^^^^^^^^
  File "/jumbo/yaoqingyang/ivprasad/EmbedLLM/.venv/lib/python3.12/site-packages/lm_eval/api/model.py", line 155, in create_from_arg_string
    return cls(**args, **args2)
           ^^^^^^^^^^^^^^^^^^^^
  File "/jumbo/yaoqingyang/ivprasad/EmbedLLM/.venv/lib/python3.12/site-packages/lm_eval/models/huggingface.py", line 187, in __init__
    self._get_config(
  File "/jumbo/yaoqingyang/ivprasad/EmbedLLM/.venv/lib/python3.12/site-packages/lm_eval/models/huggingface.py", line 564, in _get_config
    self._config = transformers.AutoConfig.from_pretrained(
                   ^^^^^^^^^^^^^^^^^^^^^^^^^^^^^^^^^^^^^^^^
  File "/jumbo/yaoqingyang/ivprasad/EmbedLLM/.venv/lib/python3.12/site-packages/transformers/models/auto/configuration_auto.py", line 1332, in from_pretrained
    config_dict, unused_kwargs = PretrainedConfig.get_config_dict(pretrained_model_name_or_path, **kwargs)
                                 ^^^^^^^^^^^^^^^^^^^^^^^^^^^^^^^^^^^^^^^^^^^^^^^^^^^^^^^^^^^^^^^^^^^^^^^^^
  File "/jumbo/yaoqingyang/ivprasad/EmbedLLM/.venv/lib/python3.12/site-packages/transformers/configuration_utils.py", line 662, in get_config_dict
    config_dict, kwargs = cls._get_config_dict(pretrained_model_name_or_path, **kwargs)
                          ^^^^^^^^^^^^^^^^^^^^^^^^^^^^^^^^^^^^^^^^^^^^^^^^^^^^^^^^^^^^^
  File "/jumbo/yaoqingyang/ivprasad/EmbedLLM/.venv/lib/python3.12/site-packages/transformers/configuration_utils.py", line 721, in _get_config_dict
    resolved_config_file = cached_file(
                           ^^^^^^^^^^^^
  File "/jumbo/yaoqingyang/ivprasad/EmbedLLM/.venv/lib/python3.12/site-packages/transformers/utils/hub.py", line 322, in cached_file
    file = cached_files(path_or_repo_id=path_or_repo_id, filenames=[filename], **kwargs)
           ^^^^^^^^^^^^^^^^^^^^^^^^^^^^^^^^^^^^^^^^^^^^^^^^^^^^^^^^^^^^^^^^^^^^^^^^^^^^^
  File "/jumbo/yaoqingyang/ivprasad/EmbedLLM/.venv/lib/python3.12/site-packages/transformers/utils/hub.py", line 543, in cached_files
    raise OSError(
OSError: You are trying to access a gated repo.
Make sure to have access to it at https://huggingface.co/meta-llama/Llama-3.1-8B-Instruct.
403 Client Error. (Request ID: Root=1-6965f987-5dd34c8b1c7cea0052259ad8;f9be62b0-7100-429d-8790-7c669918753f)

Cannot access gated repo for url https://huggingface.co/meta-llama/Llama-3.1-8B-Instruct/resolve/main/config.json.
Access to model meta-llama/Llama-3.1-8B-Instruct is restricted and you are not in the authorized list. Visit https://huggingface.co/meta-llama/Llama-3.1-8B-Instruct to ask for access.
